Using pre-set license
Built from '2020.3/release' branch; Version is '2020.3.1f1 (77a89f25062f) revision 7841951'; Using compiler version '192528614'; Build Type 'Release'
OS: 'Windows 10 Pro; OS build 19042.867; Version 2009; 64bit' Language: 'en' Physical Memory: 32682 MB
BatchMode: 1, IsHumanControllingUs: 0, StartBugReporterOnCrash: 0, Is64bit: 1, IsPro: 0

 COMMAND LINE ARGUMENTS:
C:\Program Files\Unity\Hub\Editor\2020.3.1f1\Editor\Unity.exe
-adb2
-batchMode
-noUpm
-name
AssetImportWorker0
-projectPath
S:/Users/Scors4/Unity Projects/Stationary Pressure
-logFile
Logs/AssetImportWorker0.log
-srvPort
50119
Successfully changed project path to: S:/Users/Scors4/Unity Projects/Stationary Pressure
S:/Users/Scors4/Unity Projects/Stationary Pressure
Using Asset Import Pipeline V2.
Refreshing native plugins compatible for Editor in 27.32 ms, found 0 plugins.
Preloading 0 native plugins for Editor in 0.00 ms.
Initialize engine version: 2020.3.1f1 (77a89f25062f)
[Subsystems] Discovering subsystems at path C:/Program Files/Unity/Hub/Editor/2020.3.1f1/Editor/Data/Resources/UnitySubsystems
[Subsystems] Discovering subsystems at path S:/Users/Scors4/Unity Projects/Stationary Pressure/Assets
GfxDevice: creating device client; threaded=0
Direct3D:
    Version:  Direct3D 11.0 [level 11.1]
    Renderer: NVIDIA GeForce RTX 3080 (ID=0x2206)
    Vendor:   
    VRAM:     10078 MB
    Driver:   27.21.14.6589
Initialize mono
Mono path[0] = 'C:/Program Files/Unity/Hub/Editor/2020.3.1f1/Editor/Data/Managed'
Mono path[1] = 'C:/Program Files/Unity/Hub/Editor/2020.3.1f1/Editor/Data/MonoBleedingEdge/lib/mono/unityjit'
Mono config path = 'C:/Program Files/Unity/Hub/Editor/2020.3.1f1/Editor/Data/MonoBleedingEdge/etc'
Using monoOptions --debugger-agent=transport=dt_socket,embedding=1,server=y,suspend=n,address=127.0.0.1:56340
Begin MonoManager ReloadAssembly
Registering precompiled unity dll's ...
Register platform support module: C:/Program Files/Unity/Hub/Editor/2020.3.1f1/Editor/Data/PlaybackEngines/WebGLSupport/UnityEditor.WebGL.Extensions.dll
Register platform support module: C:/Program Files/Unity/Hub/Editor/2020.3.1f1/Editor/Data/PlaybackEngines/WindowsStandaloneSupport/UnityEditor.WindowsStandalone.Extensions.dll
Registered in 0.001249 seconds.
Native extension for WindowsStandalone target not found
Native extension for WebGL target not found
Refreshing native plugins compatible for Editor in 27.88 ms, found 0 plugins.
Preloading 0 native plugins for Editor in 0.00 ms.
Invoked RoslynAnalysisRunner static constructor.
RoslynAnalysisRunner will not be running.
RoslynAnalysisRunner has terminated.
Mono: successfully reloaded assembly
- Completed reload, in  1.259 seconds
Platform modules already initialized, skipping
Registering precompiled user dll's ...
Registered in 0.000592 seconds.
Begin MonoManager ReloadAssembly
Native extension for WindowsStandalone target not found
Native extension for WebGL target not found
Refreshing native plugins compatible for Editor in 30.05 ms, found 0 plugins.
Preloading 0 native plugins for Editor in 0.00 ms.
Invoked RoslynAnalysisRunner static constructor.
RoslynAnalysisRunner will not be running.
RoslynAnalysisRunner has terminated.
Mono: successfully reloaded assembly
- Completed reload, in  0.819 seconds
Platform modules already initialized, skipping
========================================================================
Worker process is ready to serve import requests
Shader 'Universal Render Pipeline/Particles/Lit': fallback shader 'Universal Render Pipeline/Particles/SimpleLit' not found
Shader 'Universal Render Pipeline/Particles/Lit': fallback shader 'Universal Render Pipeline/Particles/SimpleLit' not found
Launched and connected shader compiler UnityShaderCompiler.exe after 0.04 seconds
Refreshing native plugins compatible for Editor in 0.40 ms, found 0 plugins.
Preloading 0 native plugins for Editor in 0.00 ms.
Unloading 2416 Unused Serialized files (Serialized files now loaded: 0)
System memory in use before: 111.5 MB.
System memory in use after: 109.6 MB.

Unloading 41 unused Assets to reduce memory usage. Loaded Objects now: 2835.
Total: 2.902534 ms (FindLiveObjects: 0.256457 ms CreateObjectMapping: 0.064254 ms MarkObjects: 1.706502 ms  DeleteObjects: 0.867638 ms)

========================================================================
Received Import Request.
  path: Assets/Prefabs/StatsScreen.prefab
  artifactKey: Guid(87c109ef493544a498cf3436fd55fb8a) Importer(815301076,1909f56bfc062723c751e8b465ee728b)
Start importing Assets/Prefabs/StatsScreen.prefab using Guid(87c109ef493544a498cf3436fd55fb8a) Importer(815301076,1909f56bfc062723c751e8b465ee728b)  -> (artifact id: 'eb1c2eaa437f4b7acac7388fbd31e000') in 0.244767 seconds
  Import took 0.248138 seconds .

========================================================================
Received Import Request.
  Time since last request: 1.336436 seconds.
  path: Assets/Prefabs/StatsScreen.prefab
  artifactKey: Guid(87c109ef493544a498cf3436fd55fb8a) Importer(815301076,1909f56bfc062723c751e8b465ee728b)
Start importing Assets/Prefabs/StatsScreen.prefab using Guid(87c109ef493544a498cf3436fd55fb8a) Importer(815301076,1909f56bfc062723c751e8b465ee728b)  -> (artifact id: 'a0cfcf83171fc9e544bf8a2662107c90') in 0.005983 seconds
  Import took 0.008945 seconds .

========================================================================
Received Import Request.
  Time since last request: 12.845917 seconds.
  path: Assets/Prefabs/StatsScreen.prefab
  artifactKey: Guid(87c109ef493544a498cf3436fd55fb8a) Importer(815301076,1909f56bfc062723c751e8b465ee728b)
Start importing Assets/Prefabs/StatsScreen.prefab using Guid(87c109ef493544a498cf3436fd55fb8a) Importer(815301076,1909f56bfc062723c751e8b465ee728b)  -> (artifact id: 'a828ffb2cfc95212dd42960f1643390a') in 0.023207 seconds
  Import took 0.026311 seconds .

========================================================================
Received Import Request.
  Time since last request: 38.212275 seconds.
  path: Assets/Prefabs/StatsScreen.prefab
  artifactKey: Guid(87c109ef493544a498cf3436fd55fb8a) Importer(815301076,1909f56bfc062723c751e8b465ee728b)
Start importing Assets/Prefabs/StatsScreen.prefab using Guid(87c109ef493544a498cf3436fd55fb8a) Importer(815301076,1909f56bfc062723c751e8b465ee728b)  -> (artifact id: 'd02de95df6ff4435f8cbb47a8ecf626e') in 0.022258 seconds
  Import took 0.025612 seconds .

========================================================================
Received Prepare
Registering precompiled user dll's ...
Registered in 0.000607 seconds.
Begin MonoManager ReloadAssembly
Native extension for WindowsStandalone target not found
Native extension for WebGL target not found
Refreshing native plugins compatible for Editor in 0.38 ms, found 0 plugins.
Preloading 0 native plugins for Editor in 0.00 ms.
Invoked RoslynAnalysisRunner static constructor.
RoslynAnalysisRunner will not be running.
RoslynAnalysisRunner has terminated.
Mono: successfully reloaded assembly
- Completed reload, in  0.763 seconds
Platform modules already initialized, skipping
Shader 'Universal Render Pipeline/Particles/Lit': fallback shader 'Universal Render Pipeline/Particles/SimpleLit' not found
Shader 'Universal Render Pipeline/Particles/Lit': fallback shader 'Universal Render Pipeline/Particles/SimpleLit' not found
Refreshing native plugins compatible for Editor in 0.38 ms, found 0 plugins.
Preloading 0 native plugins for Editor in 0.00 ms.
Unloading 2338 Unused Serialized files (Serialized files now loaded: 0)
System memory in use before: 113.4 MB.
System memory in use after: 111.6 MB.

Unloading 38 unused Assets to reduce memory usage. Loaded Objects now: 2884.
Total: 2.582311 ms (FindLiveObjects: 0.193600 ms CreateObjectMapping: 0.069492 ms MarkObjects: 1.468064 ms  DeleteObjects: 0.845010 ms)

========================================================================
Received Import Request.
  Time since last request: 60.851959 seconds.
  path: Assets/Prefabs/StatsScreen.prefab
  artifactKey: Guid(87c109ef493544a498cf3436fd55fb8a) Importer(815301076,1909f56bfc062723c751e8b465ee728b)
Start importing Assets/Prefabs/StatsScreen.prefab using Guid(87c109ef493544a498cf3436fd55fb8a) Importer(815301076,1909f56bfc062723c751e8b465ee728b)  -> (artifact id: 'e135d8fa44cf03de94e82f5205fea655') in 0.204118 seconds
  Import took 0.207499 seconds .

========================================================================
Received Import Request.
  Time since last request: 2.177418 seconds.
  path: Assets/Prefabs/StatsScreen.prefab
  artifactKey: Guid(87c109ef493544a498cf3436fd55fb8a) Importer(815301076,1909f56bfc062723c751e8b465ee728b)
Start importing Assets/Prefabs/StatsScreen.prefab using Guid(87c109ef493544a498cf3436fd55fb8a) Importer(815301076,1909f56bfc062723c751e8b465ee728b)  -> (artifact id: 'c90dfbeced8e54dfd34c741b77b5ec97') in 0.005790 seconds
  Import took 0.008828 seconds .

========================================================================
Received Import Request.
  Time since last request: 53.502919 seconds.
  path: Assets/Prefabs/New Material.mat
  artifactKey: Guid(40b3260e742bc764fac440ae9d8d772b) Importer(815301076,1909f56bfc062723c751e8b465ee728b)
Start importing Assets/Prefabs/New Material.mat using Guid(40b3260e742bc764fac440ae9d8d772b) Importer(815301076,1909f56bfc062723c751e8b465ee728b)  -> (artifact id: 'f9059cb7900c6bbca989ac50bb5b0b19') in 0.033560 seconds
  Import took 0.036587 seconds .

========================================================================
Received Import Request.
  Time since last request: 12.142514 seconds.
  path: Assets/Textures/Sprites/BogieBar.png
  artifactKey: Guid(71f84ffaecc4b2b43bb9dd95b5a2706b) Importer(815301076,1909f56bfc062723c751e8b465ee728b)
Start importing Assets/Textures/Sprites/BogieBar.png using Guid(71f84ffaecc4b2b43bb9dd95b5a2706b) Importer(815301076,1909f56bfc062723c751e8b465ee728b)  -> (artifact id: '641a5fdd9b03450656ed9eee9d02065d') in 0.024172 seconds
  Import took 0.027153 seconds .

========================================================================
Received Import Request.
  Time since last request: 0.000128 seconds.
  path: Assets/Textures/Sprites/BogieBase.png
  artifactKey: Guid(0c5ce15564581ed459c4e4e93f96e94f) Importer(815301076,1909f56bfc062723c751e8b465ee728b)
Start importing Assets/Textures/Sprites/BogieBase.png using Guid(0c5ce15564581ed459c4e4e93f96e94f) Importer(815301076,1909f56bfc062723c751e8b465ee728b)  -> (artifact id: '0a8471e1376827237818f95d1acd5c58') in 0.011211 seconds
  Import took 0.013705 seconds .

========================================================================
Received Import Request.
  Time since last request: 0.015356 seconds.
  path: Assets/Textures/Sprites/BogieBase.png
  artifactKey: Guid(0c5ce15564581ed459c4e4e93f96e94f) Importer(815301076,1909f56bfc062723c751e8b465ee728b)
Start importing Assets/Textures/Sprites/BogieBase.png using Guid(0c5ce15564581ed459c4e4e93f96e94f) Importer(815301076,1909f56bfc062723c751e8b465ee728b)  -> (artifact id: '0a8471e1376827237818f95d1acd5c58') in 0.003909 seconds
  Import took 0.006222 seconds .

========================================================================
Received Import Request.
  Time since last request: 14.629772 seconds.
  path: Assets/Settings/ForwardRenderer.asset
  artifactKey: Guid(4a8e21d5c33334b11b34a596161b9360) Importer(815301076,1909f56bfc062723c751e8b465ee728b)
Start importing Assets/Settings/ForwardRenderer.asset using Guid(4a8e21d5c33334b11b34a596161b9360) Importer(815301076,1909f56bfc062723c751e8b465ee728b)  -> (artifact id: '9887885bb8c2bd3ab3ac890bc114b848') in 0.012945 seconds
  Import took 0.015920 seconds .

========================================================================
Received Import Request.
  Time since last request: 0.000114 seconds.
  path: Assets/Settings/SampleSceneProfile.asset
  artifactKey: Guid(10fc4df2da32a41aaa32d77bc913491c) Importer(815301076,1909f56bfc062723c751e8b465ee728b)
Start importing Assets/Settings/SampleSceneProfile.asset using Guid(10fc4df2da32a41aaa32d77bc913491c) Importer(815301076,1909f56bfc062723c751e8b465ee728b)  -> (artifact id: '8b2ef4ada7c128530df1e1df51482890') in 0.004885 seconds
  Import took 0.006646 seconds .

========================================================================
Received Import Request.
  Time since last request: 0.000128 seconds.
  path: Assets/Settings/UniversalRP-LowQuality.asset
  artifactKey: Guid(a31e9f9f9c9d4b9429ed0d1234e22103) Importer(815301076,1909f56bfc062723c751e8b465ee728b)
Start importing Assets/Settings/UniversalRP-LowQuality.asset using Guid(a31e9f9f9c9d4b9429ed0d1234e22103) Importer(815301076,1909f56bfc062723c751e8b465ee728b)  -> (artifact id: '3b21bfb1b365383660d6526e4c2cd9e8') in 0.005273 seconds
  Import took 0.007245 seconds .

========================================================================
Received Import Request.
  Time since last request: 0.000131 seconds.
  path: Assets/Settings/UniversalRP-MediumQuality.asset
  artifactKey: Guid(d847b876476d3d6468f5dfcd34266f96) Importer(815301076,1909f56bfc062723c751e8b465ee728b)
Start importing Assets/Settings/UniversalRP-MediumQuality.asset using Guid(d847b876476d3d6468f5dfcd34266f96) Importer(815301076,1909f56bfc062723c751e8b465ee728b)  -> (artifact id: '803b2ead36992cb16875b2b13492bec9') in 0.004569 seconds
  Import took 0.006568 seconds .

========================================================================
Received Import Request.
  Time since last request: 0.000112 seconds.
  path: Assets/Settings/UniversalRP-HighQuality.asset
  artifactKey: Guid(19ba41d7c0026c3459d37c2fe90c55a0) Importer(815301076,1909f56bfc062723c751e8b465ee728b)
Start importing Assets/Settings/UniversalRP-HighQuality.asset using Guid(19ba41d7c0026c3459d37c2fe90c55a0) Importer(815301076,1909f56bfc062723c751e8b465ee728b)  -> (artifact id: '478b78ae17c67ab211fae52e9e0a226b') in 0.008174 seconds
  Import took 0.010239 seconds .

AssetImportWorkerClient::OnTransportError - code=2 error=End of file
